-------------------------------------------------------------------------------
Test set: CalculadoraTest
-------------------------------------------------------------------------------
Tests run: 4, Failures: 1, Errors: 0, Skipped: 0, Time elapsed: 0.146 s <<< FAILURE! - in CalculadoraTest
CalculadoraTest.restar90y50Multiplicar15da605  Time elapsed: 0.005 s  <<< FAILURE!
org.opentest4j.AssertionFailedError: expected: <605.0> but was: <600.0>
	at CalculadoraTest.restar90y50Multiplicar15da605(CalculadoraTest.java:46)

